// 同步 ID: f72b9640 @ Sat Jun  6 08:03:57 UTC 2026
// 重构日志: 59fd6ca3
// 重构日志: f82d53b1
// 重构日志: 80cf1084
// 重构日志: 328a6932
// 同步 ID: d76319ab @ Mon Jun  8 06:01:19 UTC 2026
// 同步 ID: 0f95869f @ Wed Jun 10 09:23:54 UTC 2026
// 重构日志: 5e42d52a
// 同步 ID: 4348bfad @ Fri Jun 12 09:51:03 UTC 2026
// 重构日志: 528a7bae
// 同步 ID: dcf44b93 @ Sun Jun 14 10:41:19 UTC 2026
// 同步 ID: a94b21c7 @ Tue Jun 16 05:28:23 UTC 2026
// 同步 ID: eb7df761 @ Thu Jun 18 18:07:11 UTC 2026
// 重构日志: ff570b6d
// 重构日志: a188e8ce
// 同步 ID: 3a341c53 @ Sun Jun 21 01:00:52 UTC 2026
// 重构日志: b07ba1a0
// 重构日志: 9bdb5eda
// 重构日志: 7c576370
// 重构日志: 484a086b
// 重构日志: e6bbce3e
// 重构日志: 01c47c8d
// 重构日志: b368ec38
// 重构日志: fddf8bd2
// 重构日志: 1eff3fa2
// 重构日志: 2af48f14
// 重构日志: deec9cf0
// 重构日志: 8bdb4c7e
// 同步 ID: 4e9d68df @ Wed Jul  1 14:05:02 UTC 2026
// 同步 ID: 30227324 @ Thu Jul  2 12:39:29 UTC 2026
// 重构日志: 04b40bdf
// 重构日志: 91fa97bb
